app/build/outputs/logs/manifest-merger-debug-report.txt
-- Merging decision tree log ---
manifest
ADDED from src\main\AndroidManifest.xml:2:1-135:12
INJECTED from src\main\AndroidManifest.xml:2:1-135:12
INJECTED from src\main\AndroidManifest.xml:2:1-135:12
INJECTED from src\main\AndroidManifest.xml:2:1-135:12
INJECTED from src\main\AndroidManifest.xml:2:1-135:12
INJECTED from src\main\AndroidManifest.xml:2:1-135:12
INJECTED from src\main\AndroidManifest.xml:2:1-135:12
	package
		ADDED from src\main\AndroidManifest.xml:3:5-55
		INJECTED from src\main\AndroidManifest.xml
		INJECTED from src\main\AndroidManifest.xml
	android:versionName
		ADDED from src\main\AndroidManifest.xml:5:5-30
		INJECTED from src\main\AndroidManifest.xml
		INJECTED from src\main\AndroidManifest.xml
	xmlns:android
		ADDED from src\main\AndroidManifest.xml:2:11-69
	android:versionCode
		ADDED from src\main\AndroidManifest.xml:4:5-28
		INJECTED from src\main\AndroidManifest.xml
		INJECTED from src\main\AndroidManifest.xml
uses-sdk
ADDED from src\main\AndroidManifest.xml:7:5-9:41
INJECTED from src\main\AndroidManifest.xml:7:5-9:41
INJECTED from src\main\AndroidManifest.xml:7:5-9:41
INJECTED from src\main\AndroidManifest.xml:7:5-9:41
INJECTED from src\main\AndroidManifest.xml:7:5-9:41
	android:targetSdkVersion
		ADDED from src\main\AndroidManifest.xml:9:9-38
		INJECTED from src\main\AndroidManifest.xml
		INJECTED from src\main\AndroidManifest.xml
	android:minSdkVersion
		ADDED from src\main\AndroidManifest.xml:8:9-34
		INJECTED from src\main\AndroidManifest.xml
		INJECTED from src\main\AndroidManifest.xml
application
ADDED from src\main\AndroidManifest.xml:11:5-133:19
	android:label
		ADDED from src\main\AndroidManifest.xml:14:9-41
	android:icon
		ADDED from src\main\AndroidManifest.xml:13:9-45
	android:allowBackup
		ADDED from src\main\AndroidManifest.xml:12:9-35
	android:theme
		ADDED from src\main\AndroidManifest.xml:15:9-40
activity#com.example.digital_india_kids_education.MainActivity
ADDED from src\main\AndroidManifest.xml:16:9-24:20
	android:label
		ADDED from src\main\AndroidManifest.xml:18:13-45
	android:name
		ADDED from src\main\AndroidManifest.xml:17:13-81
intent-filter#action:name:android.intent.action.MAIN+category:name:android.intent.category.LAUNCHER
ADDED from src\main\AndroidManifest.xml:19:13-23:29
action#android.intent.action.MAIN
ADDED from src\main\AndroidManifest.xml:20:17-69
	android:name
		ADDED from src\main\AndroidManifest.xml:20:25-66
category#android.intent.category.LAUNCHER
ADDED from src\main\AndroidManifest.xml:22:17-77
	android:name
		ADDED from src\main\AndroidManifest.xml:22:27-74
activity#com.example.digital_india_kids_education.Main_option
ADDED from src\main\AndroidManifest.xml:25:9-28:20
	android:label
		ADDED from src\main\AndroidManifest.xml:27:13-63
	android:name
		ADDED from src\main\AndroidManifest.xml:26:13-80
activity#com.example.digital_india_kids_education.English
ADDED from src\main\AndroidManifest.xml:29:9-32:20
	android:label
		ADDED from src\main\AndroidManifest.xml:31:13-36
	android:name
		ADDED from src\main\AndroidManifest.xml:30:13-76
activity#com.example.digital_india_kids_education.Hindi
ADDED from src\main\AndroidManifest.xml:33:9-36:20
	android:label
		ADDED from src\main\AndroidManifest.xml:35:13-34
	android:name
		ADDED from src\main\AndroidManifest.xml:34:13-74
activity#com.example.digital_india_kids_education.Number
ADDED from src\main\AndroidManifest.xml:37:9-40:20
	android:label
		ADDED from src\main\AndroidManifest.xml:39:13-35
	android:name
		ADDED from src\main\AndroidManifest.xml:38:13-75
activity#com.example.digital_india_kids_education.Gk
ADDED from src\main\AndroidManifest.xml:41:9-44:20
	android:label
		ADDED from src\main\AndroidManifest.xml:43:13-31
	android:name
		ADDED from src\main\AndroidManifest.xml:42:13-71
activity#com.example.digital_india_kids_education.Admin
ADDED from src\main\AndroidManifest.xml:45:9-48:20
	android:label
		ADDED from src\main\AndroidManifest.xml:47:13-34
	android:name
		ADDED from src\main\AndroidManifest.xml:46:13-74
activity#com.example.digital_india_kids_education.English_writing
ADDED from src\main\AndroidManifest.xml:49:9-52:20
	android:label
		ADDED from src\main\AndroidManifest.xml:51:13-67
	android:name
		ADDED from src\main\AndroidManifest.xml:50:13-84
activity#com.example.digital_india_kids_education.English_fill_in_blank
ADDED from src\main\AndroidManifest.xml:53:9-56:20
	android:label
		ADDED from src\main\AndroidManifest.xml:55:13-73
	android:name
		ADDED from src\main\AndroidManifest.xml:54:13-90
activity#com.example.digital_india_kids_education.English_match_pair
ADDED from src\main\AndroidManifest.xml:57:9-60:20
	android:label
		ADDED from src\main\AndroidManifest.xml:59:13-70
	android:name
		ADDED from src\main\AndroidManifest.xml:58:13-87
activity#com.example.digital_india_kids_education.English_find_similar
ADDED from src\main\AndroidManifest.xml:61:9-64:20
	android:label
		ADDED from src\main\AndroidManifest.xml:63:13-72
	android:name
		ADDED from src\main\AndroidManifest.xml:62:13-89
activity#com.example.digital_india_kids_education.English_round_similar
ADDED from src\main\AndroidManifest.xml:65:9-68:20
	android:label
		ADDED from src\main\AndroidManifest.xml:67:13-73
	android:name
		ADDED from src\main\AndroidManifest.xml:66:13-90
activity#com.example.digital_india_kids_education.Hindi_writing
ADDED from src\main\AndroidManifest.xml:69:9-72:20
	android:label
		ADDED from src\main\AndroidManifest.xml:71:13-65
	android:name
		ADDED from src\main\AndroidManifest.xml:70:13-82
activity#com.example.digital_india_kids_education.Hindi_fill_in_black
ADDED from src\main\AndroidManifest.xml:73:9-76:20
	android:label
		ADDED from src\main\AndroidManifest.xml:75:13-71
	android:name
		ADDED from src\main\AndroidManifest.xml:74:13-88
activity#com.example.digital_india_kids_education.Hindi_match_pair
ADDED from src\main\AndroidManifest.xml:77:9-80:20
	android:label
		ADDED from src\main\AndroidManifest.xml:79:13-68
	android:name
		ADDED from src\main\AndroidManifest.xml:78:13-85
activity#com.example.digital_india_kids_education.Hindi_find_similar
ADDED from src\main\AndroidManifest.xml:81:9-84:20
	android:label
		ADDED from src\main\AndroidManifest.xml:83:13-70
	android:name
		ADDED from src\main\AndroidManifest.xml:82:13-87
activity#com.example.digital_india_kids_education.Hindi_round_similar
ADDED from src\main\AndroidManifest.xml:85:9-88:20
	android:label
		ADDED from src\main\AndroidManifest.xml:87:13-71
	android:name
		ADDED from src\main\AndroidManifest.xml:86:13-88
activity#com.example.digital_india_kids_education.Number_writing
ADDED from src\main\AndroidManifest.xml:89:9-92:20
	android:label
		ADDED from src\main\AndroidManifest.xml:91:13-66
	android:name
		ADDED from src\main\AndroidManifest.xml:90:13-83
activity#com.example.digital_india_kids_education.Number_fill_in_blank
ADDED from src\main\AndroidManifest.xml:93:9-96:20
	android:label
		ADDED from src\main\AndroidManifest.xml:95:13-72
	android:name
		ADDED from src\main\AndroidManifest.xml:94:13-89
activity#com.example.digital_india_kids_education.Number_find_similar
ADDED from src\main\AndroidManifest.xml:97:9-100:20
	android:label
		ADDED from src\main\AndroidManifest.xml:99:13-71
	android:name
		ADDED from src\main\AndroidManifest.xml:98:13-88
activity#com.example.digital_india_kids_education.Number_round_similar
ADDED from src\main\AndroidManifest.xml:101:9-104:20
	android:label
		ADDED from src\main\AndroidManifest.xml:103:13-72
	android:name
		ADDED from src\main\AndroidManifest.xml:102:13-89
activity#com.example.digital_india_kids_education.Gk_writing
ADDED from src\main\AndroidManifest.xml:105:9-108:20
	android:label
		ADDED from src\main\AndroidManifest.xml:107:13-62
	android:name
		ADDED from src\main\AndroidManifest.xml:106:13-79
activity#com.example.digital_india_kids_education.Gk_fill_in_blank
ADDED from src\main\AndroidManifest.xml:109:9-112:20
	android:label
		ADDED from src\main\AndroidManifest.xml:111:13-68
	android:name
		ADDED from src\main\AndroidManifest.xml:110:13-85
activity#com.example.digital_india_kids_education.Gk_match_pair
ADDED from src\main\AndroidManifest.xml:113:9-116:20
	android:label
		ADDED from src\main\AndroidManifest.xml:115:13-65
	android:name
		ADDED from src\main\AndroidManifest.xml:114:13-82
activity#com.example.digital_india_kids_education.Gk_find_similar
ADDED from src\main\AndroidManifest.xml:117:9-120:20
	android:label
		ADDED from src\main\AndroidManifest.xml:119:13-67
	android:name
		ADDED from src\main\AndroidManifest.xml:118:13-84
activity#com.example.digital_india_kids_education.Gk_round_similar
ADDED from src\main\AndroidManifest.xml:121:9-124:20
	android:label
		ADDED from src\main\AndroidManifest.xml:123:13-68
	android:name
		ADDED from src\main\AndroidManifest.xml:122:13-85
activity#com.example.digital_india_kids_education.Number_match_pair
ADDED from src\main\AndroidManifest.xml:125:9-128:20
	android:label
		ADDED from src\main\AndroidManifest.xml:127:13-69
	android:name
		ADDED from src\main\AndroidManifest.xml:126:13-86
activity#com.example.digital_india_kids_education.Brush_chooser
ADDED from src\main\AndroidManifest.xml:129:9-132:20
	android:label
		ADDED from src\main\AndroidManifest.xml:131:13-65
	android:name
		ADDED from src\main\AndroidManifest.xml:130:13-82